[run] epopenblas-omp1/easum iters=200 taskset=0
[run] epopenblas-omp4/easum iters=200 taskset=0-3
[run] parallel-blas-omp1/easum iters=200 taskset=0
[run] parallel-blas-omp4/easum iters=200 taskset=0-3
[run] epopenblas-omp1/eaxpy iters=200 taskset=0
[run] epopenblas-omp4/eaxpy iters=200 taskset=0-3
[run] parallel-blas-omp1/eaxpy iters=200 taskset=0
[run] parallel-blas-omp4/eaxpy iters=200 taskset=0-3
[run] epopenblas-omp1/ecabs1 iters=200 taskset=0
[run] epopenblas-omp4/ecabs1 iters=200 taskset=0-3
[run] parallel-blas-omp1/ecabs1 iters=200 taskset=0
[run] parallel-blas-omp4/ecabs1 iters=200 taskset=0-3
[run] epopenblas-omp1/ecopy iters=200 taskset=0
[run] epopenblas-omp4/ecopy iters=200 taskset=0-3
[run] parallel-blas-omp1/ecopy iters=200 taskset=0
[run] parallel-blas-omp4/ecopy iters=200 taskset=0-3
[run] epopenblas-omp1/edot iters=200 taskset=0
[run] epopenblas-omp4/edot iters=200 taskset=0-3
[run] parallel-blas-omp1/edot iters=200 taskset=0
[run] parallel-blas-omp4/edot iters=200 taskset=0-3
[run] epopenblas-omp1/egbmv iters=200 taskset=0
[run] epopenblas-omp4/egbmv iters=200 taskset=0-3
[run] parallel-blas-omp1/egbmv iters=200 taskset=0
[run] parallel-blas-omp4/egbmv iters=200 taskset=0-3
[run] epopenblas-omp1/egemm iters=10 taskset=0
[run] epopenblas-omp4/egemm iters=10 taskset=0-3
[run] parallel-blas-omp1/egemm iters=10 taskset=0
[run] parallel-blas-omp4/egemm iters=10 taskset=0-3
[run] epopenblas-omp1/egemmtr iters=10 taskset=0
[run] epopenblas-omp4/egemmtr iters=10 taskset=0-3
[run] parallel-blas-omp1/egemmtr iters=10 taskset=0
[run] parallel-blas-omp4/egemmtr iters=10 taskset=0-3
[run] epopenblas-omp1/egemv iters=200 taskset=0
[run] epopenblas-omp4/egemv iters=200 taskset=0-3
[run] parallel-blas-omp1/egemv iters=200 taskset=0
[run] parallel-blas-omp4/egemv iters=200 taskset=0-3
[run] epopenblas-omp1/eger iters=200 taskset=0
[run] epopenblas-omp4/eger iters=200 taskset=0-3
[run] parallel-blas-omp1/eger iters=200 taskset=0
[run] parallel-blas-omp4/eger iters=200 taskset=0-3
[run] epopenblas-omp1/enrm2 iters=200 taskset=0
[run] epopenblas-omp4/enrm2 iters=200 taskset=0-3
[run] parallel-blas-omp1/enrm2 iters=200 taskset=0
[run] parallel-blas-omp4/enrm2 iters=200 taskset=0-3
[run] epopenblas-omp1/erot iters=200 taskset=0
[run] epopenblas-omp4/erot iters=200 taskset=0-3
[run] parallel-blas-omp1/erot iters=200 taskset=0
[run] parallel-blas-omp4/erot iters=200 taskset=0-3
[run] epopenblas-omp1/erotg iters=200 taskset=0
[run] epopenblas-omp4/erotg iters=200 taskset=0-3
[run] parallel-blas-omp1/erotg iters=200 taskset=0
[run] parallel-blas-omp4/erotg iters=200 taskset=0-3
[run] epopenblas-omp1/erotm iters=200 taskset=0
[run] epopenblas-omp4/erotm iters=200 taskset=0-3
[run] parallel-blas-omp1/erotm iters=200 taskset=0
[run] parallel-blas-omp4/erotm iters=200 taskset=0-3
[run] epopenblas-omp1/erotmg iters=200 taskset=0
[run] epopenblas-omp4/erotmg iters=200 taskset=0-3
[run] parallel-blas-omp1/erotmg iters=200 taskset=0
[run] parallel-blas-omp4/erotmg iters=200 taskset=0-3
[run] epopenblas-omp1/esbmv iters=200 taskset=0
[run] epopenblas-omp4/esbmv iters=200 taskset=0-3
[run] parallel-blas-omp1/esbmv iters=200 taskset=0
[run] parallel-blas-omp4/esbmv iters=200 taskset=0-3
[run] epopenblas-omp1/escal iters=200 taskset=0
[run] epopenblas-omp4/escal iters=200 taskset=0-3
[run] parallel-blas-omp1/escal iters=200 taskset=0
[run] parallel-blas-omp4/escal iters=200 taskset=0-3
[run] epopenblas-omp1/espmv iters=200 taskset=0
[run] epopenblas-omp4/espmv iters=200 taskset=0-3
[run] parallel-blas-omp1/espmv iters=200 taskset=0
[run] parallel-blas-omp4/espmv iters=200 taskset=0-3
[run] epopenblas-omp1/espr iters=200 taskset=0
[run] epopenblas-omp4/espr iters=200 taskset=0-3
[run] parallel-blas-omp1/espr iters=200 taskset=0
[run] parallel-blas-omp4/espr iters=200 taskset=0-3
[run] epopenblas-omp1/espr2 iters=200 taskset=0
[run] epopenblas-omp4/espr2 iters=200 taskset=0-3
[run] parallel-blas-omp1/espr2 iters=200 taskset=0
[run] parallel-blas-omp4/espr2 iters=200 taskset=0-3
[run] epopenblas-omp1/eswap iters=200 taskset=0
[run] epopenblas-omp4/eswap iters=200 taskset=0-3
[run] parallel-blas-omp1/eswap iters=200 taskset=0
[run] parallel-blas-omp4/eswap iters=200 taskset=0-3
[run] epopenblas-omp1/esymm iters=10 taskset=0
[run] epopenblas-omp4/esymm iters=10 taskset=0-3
[run] parallel-blas-omp1/esymm iters=10 taskset=0
[run] parallel-blas-omp4/esymm iters=10 taskset=0-3
[run] epopenblas-omp1/esymv iters=200 taskset=0
[run] epopenblas-omp4/esymv iters=200 taskset=0-3
[run] parallel-blas-omp1/esymv iters=200 taskset=0
[run] parallel-blas-omp4/esymv iters=200 taskset=0-3
[run] epopenblas-omp1/esyr iters=200 taskset=0
[run] epopenblas-omp4/esyr iters=200 taskset=0-3
[run] parallel-blas-omp1/esyr iters=200 taskset=0
[run] parallel-blas-omp4/esyr iters=200 taskset=0-3
[run] epopenblas-omp1/esyr2 iters=200 taskset=0
[run] epopenblas-omp4/esyr2 iters=200 taskset=0-3
[run] parallel-blas-omp1/esyr2 iters=200 taskset=0
[run] parallel-blas-omp4/esyr2 iters=200 taskset=0-3
[run] epopenblas-omp1/esyr2k iters=10 taskset=0
[run] epopenblas-omp4/esyr2k iters=10 taskset=0-3
[run] parallel-blas-omp1/esyr2k iters=10 taskset=0
[run] parallel-blas-omp4/esyr2k iters=10 taskset=0-3
[run] epopenblas-omp1/esyrk iters=10 taskset=0
[run] epopenblas-omp4/esyrk iters=10 taskset=0-3
[run] parallel-blas-omp1/esyrk iters=10 taskset=0
[run] parallel-blas-omp4/esyrk iters=10 taskset=0-3
[run] epopenblas-omp1/etbmv iters=200 taskset=0
[run] epopenblas-omp4/etbmv iters=200 taskset=0-3
[run] parallel-blas-omp1/etbmv iters=200 taskset=0
[run] parallel-blas-omp4/etbmv iters=200 taskset=0-3
[run] epopenblas-omp1/etbsv iters=200 taskset=0
[run] epopenblas-omp4/etbsv iters=200 taskset=0-3
[run] parallel-blas-omp1/etbsv iters=200 taskset=0
[run] parallel-blas-omp4/etbsv iters=200 taskset=0-3
[run] epopenblas-omp1/etpmv iters=200 taskset=0
[run] epopenblas-omp4/etpmv iters=200 taskset=0-3
[run] parallel-blas-omp1/etpmv iters=200 taskset=0
[run] parallel-blas-omp4/etpmv iters=200 taskset=0-3
[run] epopenblas-omp1/etpsv iters=200 taskset=0
[run] epopenblas-omp4/etpsv iters=200 taskset=0-3
[run] parallel-blas-omp1/etpsv iters=200 taskset=0
[run] parallel-blas-omp4/etpsv iters=200 taskset=0-3
[run] epopenblas-omp1/etrmm iters=10 taskset=0
[run] epopenblas-omp4/etrmm iters=10 taskset=0-3
[run] parallel-blas-omp1/etrmm iters=10 taskset=0
[run] parallel-blas-omp4/etrmm iters=10 taskset=0-3
[run] epopenblas-omp1/etrmv iters=200 taskset=0
[run] epopenblas-omp4/etrmv iters=200 taskset=0-3
[run] parallel-blas-omp1/etrmv iters=200 taskset=0
[run] parallel-blas-omp4/etrmv iters=200 taskset=0-3
[run] epopenblas-omp1/etrsm iters=10 taskset=0
[run] epopenblas-omp4/etrsm iters=10 taskset=0-3
[run] parallel-blas-omp1/etrsm iters=10 taskset=0
[run] parallel-blas-omp4/etrsm iters=10 taskset=0-3
[run] epopenblas-omp1/etrsv iters=200 taskset=0
[run] epopenblas-omp4/etrsv iters=200 taskset=0-3
[run] parallel-blas-omp1/etrsv iters=200 taskset=0
[run] parallel-blas-omp4/etrsv iters=200 taskset=0-3
[run] epopenblas-omp1/eyasum iters=200 taskset=0
[run] epopenblas-omp4/eyasum iters=200 taskset=0-3
[run] parallel-blas-omp1/eyasum iters=200 taskset=0
[run] parallel-blas-omp4/eyasum iters=200 taskset=0-3
[run] epopenblas-omp1/eynrm2 iters=200 taskset=0
[run] epopenblas-omp4/eynrm2 iters=200 taskset=0-3
[run] parallel-blas-omp1/eynrm2 iters=200 taskset=0
[run] parallel-blas-omp4/eynrm2 iters=200 taskset=0-3
[run] epopenblas-omp1/ieamax iters=200 taskset=0
[run] epopenblas-omp4/ieamax iters=200 taskset=0-3
[run] parallel-blas-omp1/ieamax iters=200 taskset=0
[run] parallel-blas-omp4/ieamax iters=200 taskset=0-3
[run] epopenblas-omp1/iyamax iters=200 taskset=0
[run] epopenblas-omp4/iyamax iters=200 taskset=0-3
[run] parallel-blas-omp1/iyamax iters=200 taskset=0
[run] parallel-blas-omp4/iyamax iters=200 taskset=0-3
[run] epopenblas-omp1/yaxpy iters=200 taskset=0
[run] epopenblas-omp4/yaxpy iters=200 taskset=0-3
[run] parallel-blas-omp1/yaxpy iters=200 taskset=0
[run] parallel-blas-omp4/yaxpy iters=200 taskset=0-3
[run] epopenblas-omp1/ycopy iters=200 taskset=0
[run] epopenblas-omp4/ycopy iters=200 taskset=0-3
[run] parallel-blas-omp1/ycopy iters=200 taskset=0
[run] parallel-blas-omp4/ycopy iters=200 taskset=0-3
[run] epopenblas-omp1/ydotc iters=200 taskset=0
[run] epopenblas-omp4/ydotc iters=200 taskset=0-3
[run] parallel-blas-omp1/ydotc iters=200 taskset=0
[run] parallel-blas-omp4/ydotc iters=200 taskset=0-3
[run] epopenblas-omp1/ydotu iters=200 taskset=0
[run] epopenblas-omp4/ydotu iters=200 taskset=0-3
[run] parallel-blas-omp1/ydotu iters=200 taskset=0
[run] parallel-blas-omp4/ydotu iters=200 taskset=0-3
[run] epopenblas-omp1/yerot iters=200 taskset=0
[run] epopenblas-omp4/yerot iters=200 taskset=0-3
[run] parallel-blas-omp1/yerot iters=200 taskset=0
[run] parallel-blas-omp4/yerot iters=200 taskset=0-3
[run] epopenblas-omp1/yescal iters=200 taskset=0
[run] epopenblas-omp4/yescal iters=200 taskset=0-3
[run] parallel-blas-omp1/yescal iters=200 taskset=0
[run] parallel-blas-omp4/yescal iters=200 taskset=0-3
[run] epopenblas-omp1/ygbmv iters=200 taskset=0
[run] epopenblas-omp4/ygbmv iters=200 taskset=0-3
[run] parallel-blas-omp1/ygbmv iters=200 taskset=0
[run] parallel-blas-omp4/ygbmv iters=200 taskset=0-3
[run] epopenblas-omp1/ygemm iters=10 taskset=0
[run] epopenblas-omp4/ygemm iters=10 taskset=0-3
[run] parallel-blas-omp1/ygemm iters=10 taskset=0
[run] parallel-blas-omp4/ygemm iters=10 taskset=0-3
[run] epopenblas-omp1/ygemmtr iters=10 taskset=0
[run] epopenblas-omp4/ygemmtr iters=10 taskset=0-3
[run] parallel-blas-omp1/ygemmtr iters=10 taskset=0
[run] parallel-blas-omp4/ygemmtr iters=10 taskset=0-3
[run] epopenblas-omp1/ygemv iters=200 taskset=0
[run] epopenblas-omp4/ygemv iters=200 taskset=0-3
[run] parallel-blas-omp1/ygemv iters=200 taskset=0
[run] parallel-blas-omp4/ygemv iters=200 taskset=0-3
[run] epopenblas-omp1/ygerc iters=200 taskset=0
[run] epopenblas-omp4/ygerc iters=200 taskset=0-3
[run] parallel-blas-omp1/ygerc iters=200 taskset=0
[run] parallel-blas-omp4/ygerc iters=200 taskset=0-3
[run] epopenblas-omp1/ygeru iters=200 taskset=0
[run] epopenblas-omp4/ygeru iters=200 taskset=0-3
[run] parallel-blas-omp1/ygeru iters=200 taskset=0
[run] parallel-blas-omp4/ygeru iters=200 taskset=0-3
[run] epopenblas-omp1/yhbmv iters=200 taskset=0
[run] epopenblas-omp4/yhbmv iters=200 taskset=0-3
[run] parallel-blas-omp1/yhbmv iters=200 taskset=0
[run] parallel-blas-omp4/yhbmv iters=200 taskset=0-3
[run] epopenblas-omp1/yhemm iters=10 taskset=0
[run] epopenblas-omp4/yhemm iters=10 taskset=0-3
[run] parallel-blas-omp1/yhemm iters=10 taskset=0
[run] parallel-blas-omp4/yhemm iters=10 taskset=0-3
[run] epopenblas-omp1/yhemv iters=200 taskset=0
[run] epopenblas-omp4/yhemv iters=200 taskset=0-3
[run] parallel-blas-omp1/yhemv iters=200 taskset=0
[run] parallel-blas-omp4/yhemv iters=200 taskset=0-3
[run] epopenblas-omp1/yher iters=200 taskset=0
[run] epopenblas-omp4/yher iters=200 taskset=0-3
[run] parallel-blas-omp1/yher iters=200 taskset=0
[run] parallel-blas-omp4/yher iters=200 taskset=0-3
[run] epopenblas-omp1/yher2 iters=200 taskset=0
[run] epopenblas-omp4/yher2 iters=200 taskset=0-3
[run] parallel-blas-omp1/yher2 iters=200 taskset=0
[run] parallel-blas-omp4/yher2 iters=200 taskset=0-3
[run] epopenblas-omp1/yher2k iters=10 taskset=0
[run] epopenblas-omp4/yher2k iters=10 taskset=0-3
[run] parallel-blas-omp1/yher2k iters=10 taskset=0
[run] parallel-blas-omp4/yher2k iters=10 taskset=0-3
[run] epopenblas-omp1/yherk iters=10 taskset=0
[run] epopenblas-omp4/yherk iters=10 taskset=0-3
[run] parallel-blas-omp1/yherk iters=10 taskset=0
[run] parallel-blas-omp4/yherk iters=10 taskset=0-3
[run] epopenblas-omp1/yhpmv iters=200 taskset=0
[run] epopenblas-omp4/yhpmv iters=200 taskset=0-3
[run] parallel-blas-omp1/yhpmv iters=200 taskset=0
[run] parallel-blas-omp4/yhpmv iters=200 taskset=0-3
[run] epopenblas-omp1/yhpr iters=200 taskset=0
[run] epopenblas-omp4/yhpr iters=200 taskset=0-3
[run] parallel-blas-omp1/yhpr iters=200 taskset=0
[run] parallel-blas-omp4/yhpr iters=200 taskset=0-3
[run] epopenblas-omp1/yhpr2 iters=200 taskset=0
[run] epopenblas-omp4/yhpr2 iters=200 taskset=0-3
[run] parallel-blas-omp1/yhpr2 iters=200 taskset=0
[run] parallel-blas-omp4/yhpr2 iters=200 taskset=0-3
[run] epopenblas-omp1/yrotg iters=200 taskset=0
[run] epopenblas-omp4/yrotg iters=200 taskset=0-3
[run] parallel-blas-omp1/yrotg iters=200 taskset=0
[run] parallel-blas-omp4/yrotg iters=200 taskset=0-3
[run] epopenblas-omp1/yscal iters=200 taskset=0
[run] epopenblas-omp4/yscal iters=200 taskset=0-3
[run] parallel-blas-omp1/yscal iters=200 taskset=0
[run] parallel-blas-omp4/yscal iters=200 taskset=0-3
[run] epopenblas-omp1/yswap iters=200 taskset=0
[run] epopenblas-omp4/yswap iters=200 taskset=0-3
[run] parallel-blas-omp1/yswap iters=200 taskset=0
[run] parallel-blas-omp4/yswap iters=200 taskset=0-3
[run] epopenblas-omp1/ysymm iters=10 taskset=0
[run] epopenblas-omp4/ysymm iters=10 taskset=0-3
[run] parallel-blas-omp1/ysymm iters=10 taskset=0
[run] parallel-blas-omp4/ysymm iters=10 taskset=0-3
[run] epopenblas-omp1/ysyr2k iters=10 taskset=0
[run] epopenblas-omp4/ysyr2k iters=10 taskset=0-3
[run] parallel-blas-omp1/ysyr2k iters=10 taskset=0
[run] parallel-blas-omp4/ysyr2k iters=10 taskset=0-3
[run] epopenblas-omp1/ysyrk iters=10 taskset=0
[run] epopenblas-omp4/ysyrk iters=10 taskset=0-3
[run] parallel-blas-omp1/ysyrk iters=10 taskset=0
[run] parallel-blas-omp4/ysyrk iters=10 taskset=0-3
[run] epopenblas-omp1/ytbmv iters=200 taskset=0
[run] epopenblas-omp4/ytbmv iters=200 taskset=0-3
[run] parallel-blas-omp1/ytbmv iters=200 taskset=0
[run] parallel-blas-omp4/ytbmv iters=200 taskset=0-3
[run] epopenblas-omp1/ytbsv iters=200 taskset=0
[run] epopenblas-omp4/ytbsv iters=200 taskset=0-3
[run] parallel-blas-omp1/ytbsv iters=200 taskset=0
[run] parallel-blas-omp4/ytbsv iters=200 taskset=0-3
[run] epopenblas-omp1/ytpmv iters=200 taskset=0
[run] epopenblas-omp4/ytpmv iters=200 taskset=0-3
[run] parallel-blas-omp1/ytpmv iters=200 taskset=0
[run] parallel-blas-omp4/ytpmv iters=200 taskset=0-3
[run] epopenblas-omp1/ytpsv iters=200 taskset=0
[run] epopenblas-omp4/ytpsv iters=200 taskset=0-3
[run] parallel-blas-omp1/ytpsv iters=200 taskset=0
[run] parallel-blas-omp4/ytpsv iters=200 taskset=0-3
[run] epopenblas-omp1/ytrmm iters=10 taskset=0
[run] epopenblas-omp4/ytrmm iters=10 taskset=0-3
[run] parallel-blas-omp1/ytrmm iters=10 taskset=0
[run] parallel-blas-omp4/ytrmm iters=10 taskset=0-3
[run] epopenblas-omp1/ytrmv iters=200 taskset=0
[run] epopenblas-omp4/ytrmv iters=200 taskset=0-3
[run] parallel-blas-omp1/ytrmv iters=200 taskset=0
[run] parallel-blas-omp4/ytrmv iters=200 taskset=0-3
[run] epopenblas-omp1/ytrsm iters=10 taskset=0
[run] epopenblas-omp4/ytrsm iters=10 taskset=0-3
[run] parallel-blas-omp1/ytrsm iters=10 taskset=0
[run] parallel-blas-omp4/ytrsm iters=10 taskset=0-3
[run] epopenblas-omp1/ytrsv iters=200 taskset=0
[run] epopenblas-omp4/ytrsv iters=200 taskset=0-3
[run] parallel-blas-omp1/ytrsv iters=200 taskset=0
[run] parallel-blas-omp4/ytrsv iters=200 taskset=0-3
wrote /home/kyungminlee/code/epblas-parallel/reports/cmp5/cmp5_raw.tsv; log /home/kyungminlee/code/epblas-parallel/reports/cmp5/cmp5.log
wrote /home/kyungminlee/code/epblas-parallel/reports/cmp5/cmp5.tsv  (3120 rows)
wrote /home/kyungminlee/code/epblas-parallel/reports/cmp5/cmp5_summary.md  (185 lines)
wrote /home/kyungminlee/code/epblas-parallel/reports/cmp5/par_wins.md  (omp1 wins: 718, omp4 wins: 845)
